<?xml version="1.0" encoding="UTF-8"?>
<testng-results ignored="0" total="1" passed="1" failed="0" skipped="0">
  <reporter-output>
  </reporter-output>
  <suite started-at="2021-06-16T09:03:20 IST" name="Default suite" finished-at="2021-06-16T09:03:32 IST" duration-ms="12492">
    <groups>
    </groups>
    <test started-at="2021-06-16T09:03:20 IST" name="Default test" finished-at="2021-06-16T09:03:32 IST" duration-ms="12492">
      <class name="com.tests.DemoTest">
        <test-method signature="test01()[pri:0, instance:com.tests.DemoTest@65d6b83b]" started-at="2021-06-16T09:03:20 IST" name="test01" finished-at="2021-06-16T09:03:32 IST" duration-ms="12410" status="PASS">
          <reporter-output>
          </reporter-output>
        </test-method> <!-- test01 -->
      </class> <!-- com.tests.DemoTest -->
    </test> <!-- Default test -->
  </suite> <!-- Default suite -->
</testng-results>
